<?xml version="1.0" encoding="UTF-8"?>
<testng-results skipped="0" failed="0" ignored="0" total="1" passed="1">
  <reporter-output>
  </reporter-output>
  <suite name="Banking_mini_project" duration-ms="35873" started-at="2020-02-01T11:50:04 IST" finished-at="2020-02-01T11:50:40 IST">
    <groups>
    </groups>
    <test name="Test1" duration-ms="35873" started-at="2020-02-01T11:50:04 IST" finished-at="2020-02-01T11:50:40 IST">
      <class name="com.banking.testcases.TC_AddCustumer_003">
        <test-method status="PASS" signature="setup(java.lang.String)[pri:0, instance:com.banking.testcases.TC_AddCustumer_003@25bbe1b6]" name="setup" is-config="true" duration-ms="18007" started-at="2020-02-01T11:50:04 IST" finished-at="2020-02-01T11:50:22 IST">
          <params>
            <param index="0">
              <value>
                <![CDATA[chrome]]>
              </value>
            </param>
          </params>
          <reporter-output>
          </reporter-output>
        </test-method> <!-- setup -->
        <test-method status="PASS" signature="addNewCustomer()[pri:0, instance:com.banking.testcases.TC_AddCustumer_003@25bbe1b6]" name="addNewCustomer" duration-ms="16835" started-at="2020-02-01T11:50:22 IST" finished-at="2020-02-01T11:50:39 IST">
          <reporter-output>
          </reporter-output>
        </test-method> <!-- addNewCustomer -->
        <test-method status="PASS" signature="teardown()[pri:0, instance:com.banking.testcases.TC_AddCustumer_003@25bbe1b6]" name="teardown" is-config="true" duration-ms="686" started-at="2020-02-01T11:50:39 IST" finished-at="2020-02-01T11:50:40 IST">
          <reporter-output>
          </reporter-output>
        </test-method> <!-- teardown -->
      </class> <!-- com.banking.testcases.TC_AddCustumer_003 -->
    </test> <!-- Test1 -->
  </suite> <!-- Banking_mini_project -->
</testng-results>
