<?xml version="1.0" encoding="UTF-8"?>
<testng-results skipped="0" failed="0" ignored="0" total="1" passed="1">
  <reporter-output>
  </reporter-output>
  <suite name="Banking_mini_project" duration-ms="34802" started-at="2020-01-31T20:45:29 IST" finished-at="2020-01-31T20:46:04 IST">
    <groups>
    </groups>
    <test name="Test1" duration-ms="34802" started-at="2020-01-31T20:45:29 IST" finished-at="2020-01-31T20:46:04 IST">
      <class name="com.banking.testcases.TC_AddCustumer_003">
        <test-method status="PASS" signature="setup(java.lang.String)[pri:0, instance:com.banking.testcases.TC_AddCustumer_003@9a7504c]" name="setup" is-config="true" duration-ms="15644" started-at="2020-01-31T20:45:29 IST" finished-at="2020-01-31T20:45:45 IST">
          <params>
            <param index="0">
              <value>
                <![CDATA[chrome]]>
              </value>
            </param>
          </params>
          <reporter-output>
          </reporter-output>
        </test-method> <!-- setup -->
        <test-method status="PASS" signature="addNewCustomer()[pri:0, instance:com.banking.testcases.TC_AddCustumer_003@9a7504c]" name="addNewCustomer" duration-ms="17950" started-at="2020-01-31T20:45:45 IST" finished-at="2020-01-31T20:46:03 IST">
          <reporter-output>
          </reporter-output>
        </test-method> <!-- addNewCustomer -->
        <test-method status="PASS" signature="teardown()[pri:0, instance:com.banking.testcases.TC_AddCustumer_003@9a7504c]" name="teardown" is-config="true" duration-ms="916" started-at="2020-01-31T20:46:03 IST" finished-at="2020-01-31T20:46:04 IST">
          <reporter-output>
          </reporter-output>
        </test-method> <!-- teardown -->
      </class> <!-- com.banking.testcases.TC_AddCustumer_003 -->
    </test> <!-- Test1 -->
  </suite> <!-- Banking_mini_project -->
</testng-results>
